<?xml version="1.0" encoding="UTF-8"?>
<!-- Generated by org.testng.reporters.JUnitXMLReporter -->
<testsuite hostname="kbabko0255pc" ignored="1" name="Test" tests="10" failures="0" timestamp="01 Feb 2019 16:23:14 GMT" time="133.326" errors="0">
  <testcase name="filterByPriceTest" time="6.652" classname="com.ss.tests.FilterByPriceTest"/>
  <testcase name="commonElementsTest" time="6.503" classname="com.ss.tests.ProductPageElementsTest"/>
  <testcase name="commonElementsTest" time="3.471" classname="com.ss.tests.ProductPageElementsTest"/>
  <testcase name="commonElementsTest" time="7.642" classname="com.ss.tests.ProductPageElementsTest"/>
  <testcase name="filterElementsTest" time="7.66" classname="com.ss.tests.ProductPageElementsTest"/>
  <testcase name="filterElementsTest" time="4.067" classname="com.ss.tests.ProductPageElementsTest"/>
  <testcase name="filterElementsTest" time="8.424" classname="com.ss.tests.ProductPageElementsTest"/>
  <testcase name="tableElementsTest" time="7.442" classname="com.ss.tests.ProductPageElementsTest"/>
  <testcase name="tableElementsTest" time="3.918" classname="com.ss.tests.ProductPageElementsTest"/>
  <testcase name="tableElementsTest" time="10.834" classname="com.ss.tests.ProductPageElementsTest"/>
  <testcase name="@BeforeSuite initTestSuite" time="0.0" classname="com.ss.tests.TestBase">
    <ignored/>
  </testcase> <!-- @BeforeSuite initTestSuite -->
</testsuite> <!-- Test -->
