<?xml version="1.0" encoding="UTF-8"?>
<testng-results skipped="0" failed="0" ignored="1" total="11" passed="10">
  <reporter-output>
  </reporter-output>
  <suite name="All Tests" duration-ms="133326" started-at="2019-02-01T16:21:01Z" finished-at="2019-02-01T16:23:14Z">
    <groups>
    </groups>
    <test name="Test" duration-ms="133326" started-at="2019-02-01T16:21:01Z" finished-at="2019-02-01T16:23:14Z">
      <class name="com.ss.tests.FilterByPriceTest">
        <test-method status="PASS" signature="initTestSuite()[pri:0, instance:com.ss.tests.FilterByPriceTest@30c31dd7]" name="initTestSuite" is-config="true" duration-ms="2709" started-at="2019-02-01T16:20:58Z" finished-at="2019-02-01T16:21:01Z">
          <reporter-output>
          </reporter-output>
        </test-method> <!-- initTestSuite -->
        <test-method status="PASS" signature="initTestClass()[pri:0, instance:com.ss.tests.FilterByPriceTest@30c31dd7]" name="initTestClass" is-config="true" duration-ms="3" started-at="2019-02-01T16:21:01Z" finished-at="2019-02-01T16:21:01Z">
          <reporter-output>
          </reporter-output>
        </test-method> <!-- initTestClass -->
        <test-method status="PASS" signature="prepareForTestMethod(java.lang.reflect.Method)[pri:0, instance:com.ss.tests.FilterByPriceTest@30c31dd7]" name="prepareForTestMethod" is-config="true" duration-ms="5694" started-at="2019-02-01T16:21:01Z" finished-at="2019-02-01T16:21:07Z">
          <params>
            <param index="0">
              <value>
                <![CDATA[public void com.ss.tests.FilterByPriceTest.filterByPriceTest()]]>
              </value>
            </param>
          </params>
          <reporter-output>
          </reporter-output>
        </test-method> <!-- prepareForTestMethod -->
        <test-method status="PASS" signature="changePageLang()[pri:0, instance:com.ss.tests.FilterByPriceTest@30c31dd7]" name="changePageLang" is-config="true" duration-ms="818" started-at="2019-02-01T16:21:07Z" finished-at="2019-02-01T16:21:07Z">
          <reporter-output>
          </reporter-output>
        </test-method> <!-- changePageLang -->
        <test-method status="PASS" signature="filterByPriceTest()[pri:0, instance:com.ss.tests.FilterByPriceTest@30c31dd7]" name="filterByPriceTest" duration-ms="6652" started-at="2019-02-01T16:21:07Z" description="Apply filter by price and verify result" finished-at="2019-02-01T16:21:14Z">
          <reporter-output>
          </reporter-output>
        </test-method> <!-- filterByPriceTest -->
        <test-method status="PASS" signature="tearDown()[pri:0, instance:com.ss.tests.FilterByPriceTest@30c31dd7]" name="tearDown" is-config="true" duration-ms="792" started-at="2019-02-01T16:21:14Z" finished-at="2019-02-01T16:21:15Z">
          <reporter-output>
          </reporter-output>
        </test-method> <!-- tearDown -->
      </class> <!-- com.ss.tests.FilterByPriceTest -->
      <class name="com.ss.tests.ProductPageElementsTest">
        <test-method status="PASS" signature="initTestClass()[pri:0, instance:com.ss.tests.ProductPageElementsTest@499b2a5c]" name="initTestClass" is-config="true" duration-ms="2" started-at="2019-02-01T16:21:15Z" finished-at="2019-02-01T16:21:15Z">
          <reporter-output>
          </reporter-output>
        </test-method> <!-- initTestClass -->
        <test-method status="PASS" signature="prepareForTestMethod(java.lang.reflect.Method)[pri:0, instance:com.ss.tests.ProductPageElementsTest@499b2a5c]" name="prepareForTestMethod" is-config="true" duration-ms="4846" started-at="2019-02-01T16:21:15Z" finished-at="2019-02-01T16:21:20Z">
          <params>
            <param index="0">
              <value>
                <![CDATA[public void com.ss.tests.ProductPageElementsTest.commonElementsTest(java.lang.String)]]>
              </value>
            </param>
          </params>
          <reporter-output>
          </reporter-output>
        </test-method> <!-- prepareForTestMethod -->
        <test-method status="PASS" signature="changePageLang()[pri:0, instance:com.ss.tests.ProductPageElementsTest@499b2a5c]" name="changePageLang" is-config="true" duration-ms="526" started-at="2019-02-01T16:21:20Z" finished-at="2019-02-01T16:21:20Z">
          <reporter-output>
          </reporter-output>
        </test-method> <!-- changePageLang -->
        <test-method status="PASS" signature="commonElementsTest(java.lang.String)[pri:0, instance:com.ss.tests.ProductPageElementsTest@499b2a5c]" name="commonElementsTest" duration-ms="6503" started-at="2019-02-01T16:21:20Z" description="Verify common elements for Vacancy category page" data-provider="Vacancy categories" finished-at="2019-02-01T16:21:27Z">
          <params>
            <param index="0">
              <value>
                <![CDATA[Крупье]]>
              </value>
            </param>
          </params>
          <reporter-output>
          </reporter-output>
        </test-method> <!-- commonElementsTest -->
        <test-method status="PASS" signature="tearDown()[pri:0, instance:com.ss.tests.ProductPageElementsTest@499b2a5c]" name="tearDown" is-config="true" duration-ms="733" started-at="2019-02-01T16:21:27Z" finished-at="2019-02-01T16:21:28Z">
          <reporter-output>
          </reporter-output>
        </test-method> <!-- tearDown -->
        <test-method status="PASS" signature="prepareForTestMethod(java.lang.reflect.Method)[pri:0, instance:com.ss.tests.ProductPageElementsTest@499b2a5c]" name="prepareForTestMethod" is-config="true" duration-ms="7469" started-at="2019-02-01T16:21:28Z" finished-at="2019-02-01T16:21:35Z">
          <params>
            <param index="0">
              <value>
                <![CDATA[public void com.ss.tests.ProductPageElementsTest.commonElementsTest(java.lang.String)]]>
              </value>
            </param>
          </params>
          <reporter-output>
          </reporter-output>
        </test-method> <!-- prepareForTestMethod -->
        <test-method status="PASS" signature="changePageLang()[pri:0, instance:com.ss.tests.ProductPageElementsTest@499b2a5c]" name="changePageLang" is-config="true" duration-ms="594" started-at="2019-02-01T16:21:35Z" finished-at="2019-02-01T16:21:36Z">
          <reporter-output>
          </reporter-output>
        </test-method> <!-- changePageLang -->
        <test-method status="PASS" signature="commonElementsTest(java.lang.String)[pri:0, instance:com.ss.tests.ProductPageElementsTest@499b2a5c]" name="commonElementsTest" duration-ms="3471" started-at="2019-02-01T16:21:36Z" description="Verify common elements for Vacancy category page" data-provider="Vacancy categories" finished-at="2019-02-01T16:21:39Z">
          <params>
            <param index="0">
              <value>
                <![CDATA[Актёр]]>
              </value>
            </param>
          </params>
          <reporter-output>
          </reporter-output>
        </test-method> <!-- commonElementsTest -->
        <test-method status="PASS" signature="tearDown()[pri:0, instance:com.ss.tests.ProductPageElementsTest@499b2a5c]" name="tearDown" is-config="true" duration-ms="773" started-at="2019-02-01T16:21:39Z" finished-at="2019-02-01T16:21:40Z">
          <reporter-output>
          </reporter-output>
        </test-method> <!-- tearDown -->
        <test-method status="PASS" signature="prepareForTestMethod(java.lang.reflect.Method)[pri:0, instance:com.ss.tests.ProductPageElementsTest@499b2a5c]" name="prepareForTestMethod" is-config="true" duration-ms="7528" started-at="2019-02-01T16:21:40Z" finished-at="2019-02-01T16:21:47Z">
          <params>
            <param index="0">
              <value>
                <![CDATA[public void com.ss.tests.ProductPageElementsTest.commonElementsTest(java.lang.String)]]>
              </value>
            </param>
          </params>
          <reporter-output>
          </reporter-output>
        </test-method> <!-- prepareForTestMethod -->
        <test-method status="PASS" signature="changePageLang()[pri:0, instance:com.ss.tests.ProductPageElementsTest@499b2a5c]" name="changePageLang" is-config="true" duration-ms="694" started-at="2019-02-01T16:21:47Z" finished-at="2019-02-01T16:21:48Z">
          <reporter-output>
          </reporter-output>
        </test-method> <!-- changePageLang -->
        <test-method status="PASS" signature="commonElementsTest(java.lang.String)[pri:0, instance:com.ss.tests.ProductPageElementsTest@499b2a5c]" name="commonElementsTest" duration-ms="7642" started-at="2019-02-01T16:21:48Z" description="Verify common elements for Vacancy category page" data-provider="Vacancy categories" finished-at="2019-02-01T16:21:56Z">
          <params>
            <param index="0">
              <value>
                <![CDATA[Медсестра]]>
              </value>
            </param>
          </params>
          <reporter-output>
          </reporter-output>
        </test-method> <!-- commonElementsTest -->
        <test-method status="PASS" signature="tearDown()[pri:0, instance:com.ss.tests.ProductPageElementsTest@499b2a5c]" name="tearDown" is-config="true" duration-ms="715" started-at="2019-02-01T16:21:56Z" finished-at="2019-02-01T16:21:56Z">
          <reporter-output>
          </reporter-output>
        </test-method> <!-- tearDown -->
        <test-method status="PASS" signature="prepareForTestMethod(java.lang.reflect.Method)[pri:0, instance:com.ss.tests.ProductPageElementsTest@499b2a5c]" name="prepareForTestMethod" is-config="true" duration-ms="4659" started-at="2019-02-01T16:21:56Z" finished-at="2019-02-01T16:22:01Z">
          <params>
            <param index="0">
              <value>
                <![CDATA[public void com.ss.tests.ProductPageElementsTest.filterElementsTest(java.lang.String)]]>
              </value>
            </param>
          </params>
          <reporter-output>
          </reporter-output>
        </test-method> <!-- prepareForTestMethod -->
        <test-method status="PASS" signature="changePageLang()[pri:0, instance:com.ss.tests.ProductPageElementsTest@499b2a5c]" name="changePageLang" is-config="true" duration-ms="1016" started-at="2019-02-01T16:22:01Z" finished-at="2019-02-01T16:22:02Z">
          <reporter-output>
          </reporter-output>
        </test-method> <!-- changePageLang -->
        <test-method status="PASS" signature="filterElementsTest(java.lang.String)[pri:0, instance:com.ss.tests.ProductPageElementsTest@499b2a5c]" name="filterElementsTest" duration-ms="7660" started-at="2019-02-01T16:22:02Z" description="Verify filter elements for Vacancy category page" data-provider="Vacancy categories" finished-at="2019-02-01T16:22:10Z">
          <params>
            <param index="0">
              <value>
                <![CDATA[Крупье]]>
              </value>
            </param>
          </params>
          <reporter-output>
          </reporter-output>
        </test-method> <!-- filterElementsTest -->
        <test-method status="PASS" signature="tearDown()[pri:0, instance:com.ss.tests.ProductPageElementsTest@499b2a5c]" name="tearDown" is-config="true" duration-ms="706" started-at="2019-02-01T16:22:10Z" finished-at="2019-02-01T16:22:11Z">
          <reporter-output>
          </reporter-output>
        </test-method> <!-- tearDown -->
        <test-method status="PASS" signature="prepareForTestMethod(java.lang.reflect.Method)[pri:0, instance:com.ss.tests.ProductPageElementsTest@499b2a5c]" name="prepareForTestMethod" is-config="true" duration-ms="4357" started-at="2019-02-01T16:22:11Z" finished-at="2019-02-01T16:22:15Z">
          <params>
            <param index="0">
              <value>
                <![CDATA[public void com.ss.tests.ProductPageElementsTest.filterElementsTest(java.lang.String)]]>
              </value>
            </param>
          </params>
          <reporter-output>
          </reporter-output>
        </test-method> <!-- prepareForTestMethod -->
        <test-method status="PASS" signature="changePageLang()[pri:0, instance:com.ss.tests.ProductPageElementsTest@499b2a5c]" name="changePageLang" is-config="true" duration-ms="425" started-at="2019-02-01T16:22:15Z" finished-at="2019-02-01T16:22:15Z">
          <reporter-output>
          </reporter-output>
        </test-method> <!-- changePageLang -->
        <test-method status="PASS" signature="filterElementsTest(java.lang.String)[pri:0, instance:com.ss.tests.ProductPageElementsTest@499b2a5c]" name="filterElementsTest" duration-ms="4067" started-at="2019-02-01T16:22:15Z" description="Verify filter elements for Vacancy category page" data-provider="Vacancy categories" finished-at="2019-02-01T16:22:19Z">
          <params>
            <param index="0">
              <value>
                <![CDATA[Актёр]]>
              </value>
            </param>
          </params>
          <reporter-output>
          </reporter-output>
        </test-method> <!-- filterElementsTest -->
        <test-method status="PASS" signature="tearDown()[pri:0, instance:com.ss.tests.ProductPageElementsTest@499b2a5c]" name="tearDown" is-config="true" duration-ms="728" started-at="2019-02-01T16:22:19Z" finished-at="2019-02-01T16:22:20Z">
          <reporter-output>
          </reporter-output>
        </test-method> <!-- tearDown -->
        <test-method status="PASS" signature="prepareForTestMethod(java.lang.reflect.Method)[pri:0, instance:com.ss.tests.ProductPageElementsTest@499b2a5c]" name="prepareForTestMethod" is-config="true" duration-ms="4359" started-at="2019-02-01T16:22:20Z" finished-at="2019-02-01T16:22:24Z">
          <params>
            <param index="0">
              <value>
                <![CDATA[public void com.ss.tests.ProductPageElementsTest.filterElementsTest(java.lang.String)]]>
              </value>
            </param>
          </params>
          <reporter-output>
          </reporter-output>
        </test-method> <!-- prepareForTestMethod -->
        <test-method status="PASS" signature="changePageLang()[pri:0, instance:com.ss.tests.ProductPageElementsTest@499b2a5c]" name="changePageLang" is-config="true" duration-ms="767" started-at="2019-02-01T16:22:24Z" finished-at="2019-02-01T16:22:25Z">
          <reporter-output>
          </reporter-output>
        </test-method> <!-- changePageLang -->
        <test-method status="PASS" signature="filterElementsTest(java.lang.String)[pri:0, instance:com.ss.tests.ProductPageElementsTest@499b2a5c]" name="filterElementsTest" duration-ms="8424" started-at="2019-02-01T16:22:25Z" description="Verify filter elements for Vacancy category page" data-provider="Vacancy categories" finished-at="2019-02-01T16:22:34Z">
          <params>
            <param index="0">
              <value>
                <![CDATA[Медсестра]]>
              </value>
            </param>
          </params>
          <reporter-output>
          </reporter-output>
        </test-method> <!-- filterElementsTest -->
        <test-method status="PASS" signature="tearDown()[pri:0, instance:com.ss.tests.ProductPageElementsTest@499b2a5c]" name="tearDown" is-config="true" duration-ms="746" started-at="2019-02-01T16:22:34Z" finished-at="2019-02-01T16:22:34Z">
          <reporter-output>
          </reporter-output>
        </test-method> <!-- tearDown -->
        <test-method status="PASS" signature="prepareForTestMethod(java.lang.reflect.Method)[pri:0, instance:com.ss.tests.ProductPageElementsTest@499b2a5c]" name="prepareForTestMethod" is-config="true" duration-ms="4449" started-at="2019-02-01T16:22:34Z" finished-at="2019-02-01T16:22:39Z">
          <params>
            <param index="0">
              <value>
                <![CDATA[public void com.ss.tests.ProductPageElementsTest.tableElementsTest(java.lang.String)]]>
              </value>
            </param>
          </params>
          <reporter-output>
          </reporter-output>
        </test-method> <!-- prepareForTestMethod -->
        <test-method status="PASS" signature="changePageLang()[pri:0, instance:com.ss.tests.ProductPageElementsTest@499b2a5c]" name="changePageLang" is-config="true" duration-ms="469" started-at="2019-02-01T16:22:39Z" finished-at="2019-02-01T16:22:39Z">
          <reporter-output>
          </reporter-output>
        </test-method> <!-- changePageLang -->
        <test-method status="PASS" signature="tableElementsTest(java.lang.String)[pri:0, instance:com.ss.tests.ProductPageElementsTest@499b2a5c]" name="tableElementsTest" duration-ms="7442" started-at="2019-02-01T16:22:39Z" description="Verify filter elements for Vacancy category page" data-provider="Vacancy categories" finished-at="2019-02-01T16:22:47Z">
          <params>
            <param index="0">
              <value>
                <![CDATA[Крупье]]>
              </value>
            </param>
          </params>
          <reporter-output>
          </reporter-output>
        </test-method> <!-- tableElementsTest -->
        <test-method status="PASS" signature="tearDown()[pri:0, instance:com.ss.tests.ProductPageElementsTest@499b2a5c]" name="tearDown" is-config="true" duration-ms="753" started-at="2019-02-01T16:22:47Z" finished-at="2019-02-01T16:22:48Z">
          <reporter-output>
          </reporter-output>
        </test-method> <!-- tearDown -->
        <test-method status="PASS" signature="prepareForTestMethod(java.lang.reflect.Method)[pri:0, instance:com.ss.tests.ProductPageElementsTest@499b2a5c]" name="prepareForTestMethod" is-config="true" duration-ms="4636" started-at="2019-02-01T16:22:48Z" finished-at="2019-02-01T16:22:52Z">
          <params>
            <param index="0">
              <value>
                <![CDATA[public void com.ss.tests.ProductPageElementsTest.tableElementsTest(java.lang.String)]]>
              </value>
            </param>
          </params>
          <reporter-output>
          </reporter-output>
        </test-method> <!-- prepareForTestMethod -->
        <test-method status="PASS" signature="changePageLang()[pri:0, instance:com.ss.tests.ProductPageElementsTest@499b2a5c]" name="changePageLang" is-config="true" duration-ms="502" started-at="2019-02-01T16:22:52Z" finished-at="2019-02-01T16:22:53Z">
          <reporter-output>
          </reporter-output>
        </test-method> <!-- changePageLang -->
        <test-method status="PASS" signature="tableElementsTest(java.lang.String)[pri:0, instance:com.ss.tests.ProductPageElementsTest@499b2a5c]" name="tableElementsTest" duration-ms="3918" started-at="2019-02-01T16:22:53Z" description="Verify filter elements for Vacancy category page" data-provider="Vacancy categories" finished-at="2019-02-01T16:22:57Z">
          <params>
            <param index="0">
              <value>
                <![CDATA[Актёр]]>
              </value>
            </param>
          </params>
          <reporter-output>
          </reporter-output>
        </test-method> <!-- tableElementsTest -->
        <test-method status="PASS" signature="tearDown()[pri:0, instance:com.ss.tests.ProductPageElementsTest@499b2a5c]" name="tearDown" is-config="true" duration-ms="766" started-at="2019-02-01T16:22:57Z" finished-at="2019-02-01T16:22:57Z">
          <reporter-output>
          </reporter-output>
        </test-method> <!-- tearDown -->
        <test-method status="PASS" signature="prepareForTestMethod(java.lang.reflect.Method)[pri:0, instance:com.ss.tests.ProductPageElementsTest@499b2a5c]" name="prepareForTestMethod" is-config="true" duration-ms="4495" started-at="2019-02-01T16:22:57Z" finished-at="2019-02-01T16:23:02Z">
          <params>
            <param index="0">
              <value>
                <![CDATA[public void com.ss.tests.ProductPageElementsTest.tableElementsTest(java.lang.String)]]>
              </value>
            </param>
          </params>
          <reporter-output>
          </reporter-output>
        </test-method> <!-- prepareForTestMethod -->
        <test-method status="PASS" signature="changePageLang()[pri:0, instance:com.ss.tests.ProductPageElementsTest@499b2a5c]" name="changePageLang" is-config="true" duration-ms="623" started-at="2019-02-01T16:23:02Z" finished-at="2019-02-01T16:23:03Z">
          <reporter-output>
          </reporter-output>
        </test-method> <!-- changePageLang -->
        <test-method status="PASS" signature="tableElementsTest(java.lang.String)[pri:0, instance:com.ss.tests.ProductPageElementsTest@499b2a5c]" name="tableElementsTest" duration-ms="10834" started-at="2019-02-01T16:23:03Z" description="Verify filter elements for Vacancy category page" data-provider="Vacancy categories" finished-at="2019-02-01T16:23:13Z">
          <params>
            <param index="0">
              <value>
                <![CDATA[Медсестра]]>
              </value>
            </param>
          </params>
          <reporter-output>
          </reporter-output>
        </test-method> <!-- tableElementsTest -->
        <test-method status="PASS" signature="tearDown()[pri:0, instance:com.ss.tests.ProductPageElementsTest@499b2a5c]" name="tearDown" is-config="true" duration-ms="739" started-at="2019-02-01T16:23:13Z" finished-at="2019-02-01T16:23:14Z">
          <reporter-output>
          </reporter-output>
        </test-method> <!-- tearDown -->
      </class> <!-- com.ss.tests.ProductPageElementsTest -->
    </test> <!-- Test -->
  </suite> <!-- All Tests -->
</testng-results>
