<?xml version="1.0" encoding="UTF-8"?>
<testsuite xmlns:xsi="http://www.w3.org/2001/XMLSchema-instance" xsi:noNamespaceSchemaLocation="https://maven.apache.org/surefire/maven-surefire-plugin/xsd/surefire-test-report.xsd" name="TestSuite" time="137.631" tests="10" errors="0" skipped="0" failures="0">
  <properties>
[...]
</properties>
  <testcase name="filterByPriceTest" classname="com.ss.tests.FilterByPriceTest" time="6.45"/>
  <testcase name="commonElementsTest" classname="com.ss.tests.ProductPageElementsTest" time="6.504"/>
  <testcase name="commonElementsTest" classname="com.ss.tests.ProductPageElementsTest" time="3.473"/>
  <testcase name="commonElementsTest" classname="com.ss.tests.ProductPageElementsTest" time="7.644"/>
  <testcase name="filterElementsTest" classname="com.ss.tests.ProductPageElementsTest" time="7.659"/>
  <testcase name="filterElementsTest" classname="com.ss.tests.ProductPageElementsTest" time="4.068"/>
  <testcase name="filterElementsTest" classname="com.ss.tests.ProductPageElementsTest" time="8.425"/>
  <testcase name="tableElementsTest" classname="com.ss.tests.ProductPageElementsTest" time="7.445"/>
  <testcase name="tableElementsTest" classname="com.ss.tests.ProductPageElementsTest" time="3.919"/>
  <testcase name="tableElementsTest" classname="com.ss.tests.ProductPageElementsTest" time="10.837"/>
</testsuite>